2024-12-18T18:49:21.694+07:00  INFO 1412 --- [tubes-aka] [restartedMain] com.aka.tubes_aka.TubesAkaApplication    : Starting TubesAkaApplication using Java 17.0.13 with PID 1412 (D:\Telyu\Sems3\AKA\Tubes\tubes-aka\target\classes started by RVA in D:\Telyu\Sems3\AKA\Tubes\tubes-aka)
2024-12-18T18:49:21.712+07:00  INFO 1412 --- [tubes-aka] [restartedMain] com.aka.tubes_aka.TubesAkaApplication    : No active profile set, falling back to 1 default profile: "default"
2024-12-18T18:49:21.840+07:00  INFO 1412 --- [tubes-aka] [restartedMain] .e.DevToolsPropertyDefaultsPostProcessor : Devtools property defaults active! Set 'spring.devtools.add-properties' to 'false' to disable
2024-12-18T18:49:21.844+07:00  INFO 1412 --- [tubes-aka] [restartedMain] .e.DevToolsPropertyDefaultsPostProcessor : For additional web related logging consider setting the 'logging.level.web' property to 'DEBUG'
2024-12-18T18:49:24.394+07:00  INFO 1412 --- [tubes-aka] [restartedMain] o.s.b.w.embedded.tomcat.TomcatWebServer  : Tomcat initialized with port 8080 (http)
2024-12-18T18:49:24.422+07:00  INFO 1412 --- [tubes-aka] [restartedMain] o.apache.catalina.core.StandardService   : Starting service [Tomcat]
2024-12-18T18:49:24.423+07:00  INFO 1412 --- [tubes-aka] [restartedMain] o.apache.catalina.core.StandardEngine    : Starting Servlet engine: [Apache Tomcat/10.1.33]
2024-12-18T18:49:24.548+07:00  INFO 1412 --- [tubes-aka] [restartedMain] o.a.c.c.C.[Tomcat].[localhost].[/]       : Initializing Spring embedded WebApplicationContext
2024-12-18T18:49:24.549+07:00  INFO 1412 --- [tubes-aka] [restartedMain] w.s.c.ServletWebServerApplicationContext : Root WebApplicationContext: initialization completed in 2703 ms
2024-12-18T18:49:24.783+07:00  INFO 1412 --- [tubes-aka] [restartedMain] o.s.b.a.w.s.WelcomePageHandlerMapping    : Adding welcome page template: index
2024-12-18T18:49:25.440+07:00  INFO 1412 --- [tubes-aka] [restartedMain] o.s.b.d.a.OptionalLiveReloadServer       : LiveReload server is running on port 35729
2024-12-18T18:49:25.574+07:00  INFO 1412 --- [tubes-aka] [restartedMain] o.s.b.w.embedded.tomcat.TomcatWebServer  : Tomcat started on port 8080 (http) with context path '/'
2024-12-18T18:49:25.607+07:00  INFO 1412 --- [tubes-aka] [restartedMain] com.aka.tubes_aka.TubesAkaApplication    : Started TubesAkaApplication in 4.709 seconds (process running for 5.901)
2024-12-18T18:49:28.835+07:00  INFO 1412 --- [tubes-aka] [http-nio-8080-exec-4] o.a.c.c.C.[Tomcat].[localhost].[/]       : Initializing Spring DispatcherServlet 'dispatcherServlet'
2024-12-18T18:49:28.837+07:00  INFO 1412 --- [tubes-aka] [http-nio-8080-exec-4] o.s.web.servlet.DispatcherServlet        : Initializing Servlet 'dispatcherServlet'
2024-12-18T18:49:28.840+07:00  INFO 1412 --- [tubes-aka] [http-nio-8080-exec-4] o.s.web.servlet.DispatcherServlet        : Completed initialization in 2 ms
2024-12-18T18:51:49.315+07:00  INFO 1412 --- [tubes-aka] [File Watcher] rtingClassPathChangeChangedEventListener : Restarting due to 1 class path change (0 additions, 0 deletions, 1 modification)
2024-12-18T18:51:49.332+07:00  INFO 1412 --- [tubes-aka] [Thread-5] o.s.b.w.e.tomcat.GracefulShutdown        : Commencing graceful shutdown. Waiting for active requests to complete
2024-12-18T18:51:49.647+07:00  INFO 1412 --- [tubes-aka] [tomcat-shutdown] o.s.b.w.e.tomcat.GracefulShutdown        : Graceful shutdown complete
2024-12-18T18:51:49.752+07:00  INFO 1412 --- [tubes-aka] [restartedMain] com.aka.tubes_aka.TubesAkaApplication    : Starting TubesAkaApplication using Java 17.0.13 with PID 1412 (D:\Telyu\Sems3\AKA\Tubes\tubes-aka\target\classes started by RVA in D:\Telyu\Sems3\AKA\Tubes\tubes-aka)
2024-12-18T18:51:49.754+07:00  INFO 1412 --- [tubes-aka] [restartedMain] com.aka.tubes_aka.TubesAkaApplication    : No active profile set, falling back to 1 default profile: "default"
2024-12-18T18:51:50.192+07:00  INFO 1412 --- [tubes-aka] [restartedMain] o.s.b.w.embedded.tomcat.TomcatWebServer  : Tomcat initialized with port 8080 (http)
2024-12-18T18:51:50.194+07:00  INFO 1412 --- [tubes-aka] [restartedMain] o.apache.catalina.core.StandardService   : Starting service [Tomcat]
2024-12-18T18:51:50.195+07:00  INFO 1412 --- [tubes-aka] [restartedMain] o.apache.catalina.core.StandardEngine    : Starting Servlet engine: [Apache Tomcat/10.1.33]
2024-12-18T18:51:50.247+07:00  INFO 1412 --- [tubes-aka] [restartedMain] o.a.c.c.C.[Tomcat].[localhost].[/]       : Initializing Spring embedded WebApplicationContext
2024-12-18T18:51:50.248+07:00  INFO 1412 --- [tubes-aka] [restartedMain] w.s.c.ServletWebServerApplicationContext : Root WebApplicationContext: initialization completed in 488 ms
2024-12-18T18:51:50.319+07:00  INFO 1412 --- [tubes-aka] [restartedMain] o.s.b.a.w.s.WelcomePageHandlerMapping    : Adding welcome page template: index
2024-12-18T18:51:50.443+07:00  INFO 1412 --- [tubes-aka] [restartedMain] o.s.b.d.a.OptionalLiveReloadServer       : LiveReload server is running on port 35729
2024-12-18T18:51:50.463+07:00  INFO 1412 --- [tubes-aka] [restartedMain] o.s.b.w.embedded.tomcat.TomcatWebServer  : Tomcat started on port 8080 (http) with context path '/'
2024-12-18T18:51:50.474+07:00  INFO 1412 --- [tubes-aka] [restartedMain] com.aka.tubes_aka.TubesAkaApplication    : Started TubesAkaApplication in 0.774 seconds (process running for 150.769)
2024-12-18T18:51:50.479+07:00  INFO 1412 --- [tubes-aka] [restartedMain] .ConditionEvaluationDeltaLoggingListener : Condition evaluation unchanged
2024-12-18T18:51:51.060+07:00  INFO 1412 --- [tubes-aka] [http-nio-8080-exec-1] o.a.c.c.C.[Tomcat].[localhost].[/]       : Initializing Spring DispatcherServlet 'dispatcherServlet'
2024-12-18T18:51:51.061+07:00  INFO 1412 --- [tubes-aka] [http-nio-8080-exec-1] o.s.web.servlet.DispatcherServlet        : Initializing Servlet 'dispatcherServlet'
2024-12-18T18:51:51.063+07:00  INFO 1412 --- [tubes-aka] [http-nio-8080-exec-1] o.s.web.servlet.DispatcherServlet        : Completed initialization in 1 ms
2024-12-18T18:54:02.199+07:00  INFO 1412 --- [tubes-aka] [File Watcher] rtingClassPathChangeChangedEventListener : Restarting due to 1 class path change (0 additions, 0 deletions, 1 modification)
2024-12-18T18:54:02.202+07:00  INFO 1412 --- [tubes-aka] [Thread-7] o.s.b.w.e.tomcat.GracefulShutdown        : Commencing graceful shutdown. Waiting for active requests to complete
2024-12-18T18:54:02.506+07:00  INFO 1412 --- [tubes-aka] [tomcat-shutdown] o.s.b.w.e.tomcat.GracefulShutdown        : Graceful shutdown complete
2024-12-18T18:54:02.627+07:00  INFO 1412 --- [tubes-aka] [restartedMain] com.aka.tubes_aka.TubesAkaApplication    : Starting TubesAkaApplication using Java 17.0.13 with PID 1412 (D:\Telyu\Sems3\AKA\Tubes\tubes-aka\target\classes started by RVA in D:\Telyu\Sems3\AKA\Tubes\tubes-aka)
2024-12-18T18:54:02.630+07:00  INFO 1412 --- [tubes-aka] [restartedMain] com.aka.tubes_aka.TubesAkaApplication    : No active profile set, falling back to 1 default profile: "default"
2024-12-18T18:54:03.048+07:00  INFO 1412 --- [tubes-aka] [restartedMain] o.s.b.w.embedded.tomcat.TomcatWebServer  : Tomcat initialized with port 8080 (http)
2024-12-18T18:54:03.050+07:00  INFO 1412 --- [tubes-aka] [restartedMain] o.apache.catalina.core.StandardService   : Starting service [Tomcat]
2024-12-18T18:54:03.051+07:00  INFO 1412 --- [tubes-aka] [restartedMain] o.apache.catalina.core.StandardEngine    : Starting Servlet engine: [Apache Tomcat/10.1.33]
2024-12-18T18:54:03.093+07:00  INFO 1412 --- [tubes-aka] [restartedMain] o.a.c.c.C.[Tomcat].[localhost].[/]       : Initializing Spring embedded WebApplicationContext
2024-12-18T18:54:03.094+07:00  INFO 1412 --- [tubes-aka] [restartedMain] w.s.c.ServletWebServerApplicationContext : Root WebApplicationContext: initialization completed in 457 ms
2024-12-18T18:54:03.145+07:00  INFO 1412 --- [tubes-aka] [restartedMain] o.s.b.a.w.s.WelcomePageHandlerMapping    : Adding welcome page template: index
2024-12-18T18:54:03.264+07:00  INFO 1412 --- [tubes-aka] [restartedMain] o.s.b.d.a.OptionalLiveReloadServer       : LiveReload server is running on port 35729
2024-12-18T18:54:03.294+07:00  INFO 1412 --- [tubes-aka] [restartedMain] o.s.b.w.embedded.tomcat.TomcatWebServer  : Tomcat started on port 8080 (http) with context path '/'
2024-12-18T18:54:03.344+07:00  INFO 1412 --- [tubes-aka] [restartedMain] com.aka.tubes_aka.TubesAkaApplication    : Started TubesAkaApplication in 0.768 seconds (process running for 283.637)
2024-12-18T18:54:03.398+07:00  INFO 1412 --- [tubes-aka] [restartedMain] .ConditionEvaluationDeltaLoggingListener : Condition evaluation unchanged
2024-12-18T18:54:05.493+07:00  INFO 1412 --- [tubes-aka] [http-nio-8080-exec-2] o.a.c.c.C.[Tomcat].[localhost].[/]       : Initializing Spring DispatcherServlet 'dispatcherServlet'
2024-12-18T18:54:05.494+07:00  INFO 1412 --- [tubes-aka] [http-nio-8080-exec-2] o.s.web.servlet.DispatcherServlet        : Initializing Servlet 'dispatcherServlet'
2024-12-18T18:54:05.496+07:00  INFO 1412 --- [tubes-aka] [http-nio-8080-exec-2] o.s.web.servlet.DispatcherServlet        : Completed initialization in 1 ms
2024-12-18T18:54:05.649+07:00 ERROR 1412 --- [tubes-aka] [http-nio-8080-exec-5] o.a.c.c.C.[.[.[/].[dispatcherServlet]    : Servlet.service() for servlet [dispatcherServlet] in context with path [] threw exception [Request processing failed: java.lang.IndexOutOfBoundsException: Index -2 out of bounds for length 1000] with root cause

java.lang.IndexOutOfBoundsException: Index -2 out of bounds for length 1000
	at java.base/jdk.internal.util.Preconditions.outOfBounds(Unknown Source) ~[na:na]
	at java.base/jdk.internal.util.Preconditions.outOfBoundsCheckIndex(Unknown Source) ~[na:na]
	at java.base/jdk.internal.util.Preconditions.checkIndex(Unknown Source) ~[na:na]
	at java.base/java.util.Objects.checkIndex(Unknown Source) ~[na:na]
	at java.base/java.util.ArrayList.get(Unknown Source) ~[na:na]
	at com.aka.tubes_aka.FvgController.getCandlestickData(FvgController.java:20) ~[classes/:na]
	at java.base/jdk.internal.reflect.NativeMethodAccessorImpl.invoke0(Native Method) ~[na:na]
	at java.base/jdk.internal.reflect.NativeMethodAccessorImpl.invoke(Unknown Source) ~[na:na]
	at java.base/jdk.internal.reflect.DelegatingMethodAccessorImpl.invoke(Unknown Source) ~[na:na]
	at java.base/java.lang.reflect.Method.invoke(Unknown Source) ~[na:na]
	at org.springframework.web.method.support.InvocableHandlerMethod.doInvoke(InvocableHandlerMethod.java:255) ~[spring-web-6.2.0.jar:6.2.0]
	at org.springframework.web.method.support.InvocableHandlerMethod.invokeForRequest(InvocableHandlerMethod.java:188) ~[spring-web-6.2.0.jar:6.2.0]
	at org.springframework.web.servlet.mvc.method.annotation.ServletInvocableHandlerMethod.invokeAndHandle(ServletInvocableHandlerMethod.java:118) ~[spring-webmvc-6.2.0.jar:6.2.0]
	at org.springframework.web.servlet.mvc.method.annotation.RequestMappingHandlerAdapter.invokeHandlerMethod(RequestMappingHandlerAdapter.java:986) ~[spring-webmvc-6.2.0.jar:6.2.0]
	at org.springframework.web.servlet.mvc.method.annotation.RequestMappingHandlerAdapter.handleInternal(RequestMappingHandlerAdapter.java:891) ~[spring-webmvc-6.2.0.jar:6.2.0]
	at org.springframework.web.servlet.mvc.method.AbstractHandlerMethodAdapter.handle(AbstractHandlerMethodAdapter.java:87) ~[spring-webmvc-6.2.0.jar:6.2.0]
	at org.springframework.web.servlet.DispatcherServlet.doDispatch(DispatcherServlet.java:1088) ~[spring-webmvc-6.2.0.jar:6.2.0]
	at org.springframework.web.servlet.DispatcherServlet.doService(DispatcherServlet.java:978) ~[spring-webmvc-6.2.0.jar:6.2.0]
	at org.springframework.web.servlet.FrameworkServlet.processRequest(FrameworkServlet.java:1014) ~[spring-webmvc-6.2.0.jar:6.2.0]
	at org.springframework.web.servlet.FrameworkServlet.doGet(FrameworkServlet.java:903) ~[spring-webmvc-6.2.0.jar:6.2.0]
	at jakarta.servlet.http.HttpServlet.service(HttpServlet.java:564) ~[tomcat-embed-core-10.1.33.jar:6.0]
	at org.springframework.web.servlet.FrameworkServlet.service(FrameworkServlet.java:885) ~[spring-webmvc-6.2.0.jar:6.2.0]
	at jakarta.servlet.http.HttpServlet.service(HttpServlet.java:658) ~[tomcat-embed-core-10.1.33.jar:6.0]
	at org.apache.catalina.core.ApplicationFilterChain.internalDoFilter(ApplicationFilterChain.java:195) ~[tomcat-embed-core-10.1.33.jar:10.1.33]
	at org.apache.catalina.core.ApplicationFilterChain.doFilter(ApplicationFilterChain.java:140) ~[tomcat-embed-core-10.1.33.jar:10.1.33]
	at org.apache.tomcat.websocket.server.WsFilter.doFilter(WsFilter.java:51) ~[tomcat-embed-websocket-10.1.33.jar:10.1.33]
	at org.apache.catalina.core.ApplicationFilterChain.internalDoFilter(ApplicationFilterChain.java:164) ~[tomcat-embed-core-10.1.33.jar:10.1.33]
	at org.apache.catalina.core.ApplicationFilterChain.doFilter(ApplicationFilterChain.java:140) ~[tomcat-embed-core-10.1.33.jar:10.1.33]
	at org.springframework.web.filter.RequestContextFilter.doFilterInternal(RequestContextFilter.java:100) ~[spring-web-6.2.0.jar:6.2.0]
	at org.springframework.web.filter.OncePerRequestFilter.doFilter(OncePerRequestFilter.java:116) ~[spring-web-6.2.0.jar:6.2.0]
	at org.apache.catalina.core.ApplicationFilterChain.internalDoFilter(ApplicationFilterChain.java:164) ~[tomcat-embed-core-10.1.33.jar:10.1.33]
	at org.apache.catalina.core.ApplicationFilterChain.doFilter(ApplicationFilterChain.java:140) ~[tomcat-embed-core-10.1.33.jar:10.1.33]
	at org.springframework.web.filter.FormContentFilter.doFilterInternal(FormContentFilter.java:93) ~[spring-web-6.2.0.jar:6.2.0]
	at org.springframework.web.filter.OncePerRequestFilter.doFilter(OncePerRequestFilter.java:116) ~[spring-web-6.2.0.jar:6.2.0]
	at org.apache.catalina.core.ApplicationFilterChain.internalDoFilter(ApplicationFilterChain.java:164) ~[tomcat-embed-core-10.1.33.jar:10.1.33]
	at org.apache.catalina.core.ApplicationFilterChain.doFilter(ApplicationFilterChain.java:140) ~[tomcat-embed-core-10.1.33.jar:10.1.33]
	at org.springframework.web.filter.CharacterEncodingFilter.doFilterInternal(CharacterEncodingFilter.java:201) ~[spring-web-6.2.0.jar:6.2.0]
	at org.springframework.web.filter.OncePerRequestFilter.doFilter(OncePerRequestFilter.java:116) ~[spring-web-6.2.0.jar:6.2.0]
	at org.apache.catalina.core.ApplicationFilterChain.internalDoFilter(ApplicationFilterChain.java:164) ~[tomcat-embed-core-10.1.33.jar:10.1.33]
	at org.apache.catalina.core.ApplicationFilterChain.doFilter(ApplicationFilterChain.java:140) ~[tomcat-embed-core-10.1.33.jar:10.1.33]
	at org.apache.catalina.core.StandardWrapperValve.invoke(StandardWrapperValve.java:167) ~[tomcat-embed-core-10.1.33.jar:10.1.33]
	at org.apache.catalina.core.StandardContextValve.invoke(StandardContextValve.java:90) ~[tomcat-embed-core-10.1.33.jar:10.1.33]
	at org.apache.catalina.authenticator.AuthenticatorBase.invoke(AuthenticatorBase.java:483) ~[tomcat-embed-core-10.1.33.jar:10.1.33]
	at org.apache.catalina.core.StandardHostValve.invoke(StandardHostValve.java:115) ~[tomcat-embed-core-10.1.33.jar:10.1.33]
	at org.apache.catalina.valves.ErrorReportValve.invoke(ErrorReportValve.java:93) ~[tomcat-embed-core-10.1.33.jar:10.1.33]
	at org.apache.catalina.core.StandardEngineValve.invoke(StandardEngineValve.java:74) ~[tomcat-embed-core-10.1.33.jar:10.1.33]
	at org.apache.catalina.connector.CoyoteAdapter.service(CoyoteAdapter.java:344) ~[tomcat-embed-core-10.1.33.jar:10.1.33]
	at org.apache.coyote.http11.Http11Processor.service(Http11Processor.java:397) ~[tomcat-embed-core-10.1.33.jar:10.1.33]
	at org.apache.coyote.AbstractProcessorLight.process(AbstractProcessorLight.java:63) ~[tomcat-embed-core-10.1.33.jar:10.1.33]
	at org.apache.coyote.AbstractProtocol$ConnectionHandler.process(AbstractProtocol.java:905) ~[tomcat-embed-core-10.1.33.jar:10.1.33]
	at org.apache.tomcat.util.net.NioEndpoint$SocketProcessor.doRun(NioEndpoint.java:1741) ~[tomcat-embed-core-10.1.33.jar:10.1.33]
	at org.apache.tomcat.util.net.SocketProcessorBase.run(SocketProcessorBase.java:52) ~[tomcat-embed-core-10.1.33.jar:10.1.33]
	at org.apache.tomcat.util.threads.ThreadPoolExecutor.runWorker(ThreadPoolExecutor.java:1190) ~[tomcat-embed-core-10.1.33.jar:10.1.33]
	at org.apache.tomcat.util.threads.ThreadPoolExecutor$Worker.run(ThreadPoolExecutor.java:659) ~[tomcat-embed-core-10.1.33.jar:10.1.33]
	at org.apache.tomcat.util.threads.TaskThread$WrappingRunnable.run(TaskThread.java:63) ~[tomcat-embed-core-10.1.33.jar:10.1.33]
	at java.base/java.lang.Thread.run(Unknown Source) ~[na:na]

2024-12-18T18:54:07.402+07:00 ERROR 1412 --- [tubes-aka] [http-nio-8080-exec-7] o.a.c.c.C.[.[.[/].[dispatcherServlet]    : Servlet.service() for servlet [dispatcherServlet] in context with path [] threw exception [Request processing failed: java.lang.IndexOutOfBoundsException: Index -2 out of bounds for length 1000] with root cause

java.lang.IndexOutOfBoundsException: Index -2 out of bounds for length 1000
	at java.base/jdk.internal.util.Preconditions.outOfBounds(Unknown Source) ~[na:na]
	at java.base/jdk.internal.util.Preconditions.outOfBoundsCheckIndex(Unknown Source) ~[na:na]
	at java.base/jdk.internal.util.Preconditions.checkIndex(Unknown Source) ~[na:na]
	at java.base/java.util.Objects.checkIndex(Unknown Source) ~[na:na]
	at java.base/java.util.ArrayList.get(Unknown Source) ~[na:na]
	at com.aka.tubes_aka.FvgController.getCandlestickData(FvgController.java:20) ~[classes/:na]
	at java.base/jdk.internal.reflect.NativeMethodAccessorImpl.invoke0(Native Method) ~[na:na]
	at java.base/jdk.internal.reflect.NativeMethodAccessorImpl.invoke(Unknown Source) ~[na:na]
	at java.base/jdk.internal.reflect.DelegatingMethodAccessorImpl.invoke(Unknown Source) ~[na:na]
	at java.base/java.lang.reflect.Method.invoke(Unknown Source) ~[na:na]
	at org.springframework.web.method.support.InvocableHandlerMethod.doInvoke(InvocableHandlerMethod.java:255) ~[spring-web-6.2.0.jar:6.2.0]
	at org.springframework.web.method.support.InvocableHandlerMethod.invokeForRequest(InvocableHandlerMethod.java:188) ~[spring-web-6.2.0.jar:6.2.0]
	at org.springframework.web.servlet.mvc.method.annotation.ServletInvocableHandlerMethod.invokeAndHandle(ServletInvocableHandlerMethod.java:118) ~[spring-webmvc-6.2.0.jar:6.2.0]
	at org.springframework.web.servlet.mvc.method.annotation.RequestMappingHandlerAdapter.invokeHandlerMethod(RequestMappingHandlerAdapter.java:986) ~[spring-webmvc-6.2.0.jar:6.2.0]
	at org.springframework.web.servlet.mvc.method.annotation.RequestMappingHandlerAdapter.handleInternal(RequestMappingHandlerAdapter.java:891) ~[spring-webmvc-6.2.0.jar:6.2.0]
	at org.springframework.web.servlet.mvc.method.AbstractHandlerMethodAdapter.handle(AbstractHandlerMethodAdapter.java:87) ~[spring-webmvc-6.2.0.jar:6.2.0]
	at org.springframework.web.servlet.DispatcherServlet.doDispatch(DispatcherServlet.java:1088) ~[spring-webmvc-6.2.0.jar:6.2.0]
	at org.springframework.web.servlet.DispatcherServlet.doService(DispatcherServlet.java:978) ~[spring-webmvc-6.2.0.jar:6.2.0]
	at org.springframework.web.servlet.FrameworkServlet.processRequest(FrameworkServlet.java:1014) ~[spring-webmvc-6.2.0.jar:6.2.0]
	at org.springframework.web.servlet.FrameworkServlet.doGet(FrameworkServlet.java:903) ~[spring-webmvc-6.2.0.jar:6.2.0]
	at jakarta.servlet.http.HttpServlet.service(HttpServlet.java:564) ~[tomcat-embed-core-10.1.33.jar:6.0]
	at org.springframework.web.servlet.FrameworkServlet.service(FrameworkServlet.java:885) ~[spring-webmvc-6.2.0.jar:6.2.0]
	at jakarta.servlet.http.HttpServlet.service(HttpServlet.java:658) ~[tomcat-embed-core-10.1.33.jar:6.0]
	at org.apache.catalina.core.ApplicationFilterChain.internalDoFilter(ApplicationFilterChain.java:195) ~[tomcat-embed-core-10.1.33.jar:10.1.33]
	at org.apache.catalina.core.ApplicationFilterChain.doFilter(ApplicationFilterChain.java:140) ~[tomcat-embed-core-10.1.33.jar:10.1.33]
	at org.apache.tomcat.websocket.server.WsFilter.doFilter(WsFilter.java:51) ~[tomcat-embed-websocket-10.1.33.jar:10.1.33]
	at org.apache.catalina.core.ApplicationFilterChain.internalDoFilter(ApplicationFilterChain.java:164) ~[tomcat-embed-core-10.1.33.jar:10.1.33]
	at org.apache.catalina.core.ApplicationFilterChain.doFilter(ApplicationFilterChain.java:140) ~[tomcat-embed-core-10.1.33.jar:10.1.33]
	at org.springframework.web.filter.RequestContextFilter.doFilterInternal(RequestContextFilter.java:100) ~[spring-web-6.2.0.jar:6.2.0]
	at org.springframework.web.filter.OncePerRequestFilter.doFilter(OncePerRequestFilter.java:116) ~[spring-web-6.2.0.jar:6.2.0]
	at org.apache.catalina.core.ApplicationFilterChain.internalDoFilter(ApplicationFilterChain.java:164) ~[tomcat-embed-core-10.1.33.jar:10.1.33]
	at org.apache.catalina.core.ApplicationFilterChain.doFilter(ApplicationFilterChain.java:140) ~[tomcat-embed-core-10.1.33.jar:10.1.33]
	at org.springframework.web.filter.FormContentFilter.doFilterInternal(FormContentFilter.java:93) ~[spring-web-6.2.0.jar:6.2.0]
	at org.springframework.web.filter.OncePerRequestFilter.doFilter(OncePerRequestFilter.java:116) ~[spring-web-6.2.0.jar:6.2.0]
	at org.apache.catalina.core.ApplicationFilterChain.internalDoFilter(ApplicationFilterChain.java:164) ~[tomcat-embed-core-10.1.33.jar:10.1.33]
	at org.apache.catalina.core.ApplicationFilterChain.doFilter(ApplicationFilterChain.java:140) ~[tomcat-embed-core-10.1.33.jar:10.1.33]
	at org.springframework.web.filter.CharacterEncodingFilter.doFilterInternal(CharacterEncodingFilter.java:201) ~[spring-web-6.2.0.jar:6.2.0]
	at org.springframework.web.filter.OncePerRequestFilter.doFilter(OncePerRequestFilter.java:116) ~[spring-web-6.2.0.jar:6.2.0]
	at org.apache.catalina.core.ApplicationFilterChain.internalDoFilter(ApplicationFilterChain.java:164) ~[tomcat-embed-core-10.1.33.jar:10.1.33]
	at org.apache.catalina.core.ApplicationFilterChain.doFilter(ApplicationFilterChain.java:140) ~[tomcat-embed-core-10.1.33.jar:10.1.33]
	at org.apache.catalina.core.StandardWrapperValve.invoke(StandardWrapperValve.java:167) ~[tomcat-embed-core-10.1.33.jar:10.1.33]
	at org.apache.catalina.core.StandardContextValve.invoke(StandardContextValve.java:90) ~[tomcat-embed-core-10.1.33.jar:10.1.33]
	at org.apache.catalina.authenticator.AuthenticatorBase.invoke(AuthenticatorBase.java:483) ~[tomcat-embed-core-10.1.33.jar:10.1.33]
	at org.apache.catalina.core.StandardHostValve.invoke(StandardHostValve.java:115) ~[tomcat-embed-core-10.1.33.jar:10.1.33]
	at org.apache.catalina.valves.ErrorReportValve.invoke(ErrorReportValve.java:93) ~[tomcat-embed-core-10.1.33.jar:10.1.33]
	at org.apache.catalina.core.StandardEngineValve.invoke(StandardEngineValve.java:74) ~[tomcat-embed-core-10.1.33.jar:10.1.33]
	at org.apache.catalina.connector.CoyoteAdapter.service(CoyoteAdapter.java:344) ~[tomcat-embed-core-10.1.33.jar:10.1.33]
	at org.apache.coyote.http11.Http11Processor.service(Http11Processor.java:397) ~[tomcat-embed-core-10.1.33.jar:10.1.33]
	at org.apache.coyote.AbstractProcessorLight.process(AbstractProcessorLight.java:63) ~[tomcat-embed-core-10.1.33.jar:10.1.33]
	at org.apache.coyote.AbstractProtocol$ConnectionHandler.process(AbstractProtocol.java:905) ~[tomcat-embed-core-10.1.33.jar:10.1.33]
	at org.apache.tomcat.util.net.NioEndpoint$SocketProcessor.doRun(NioEndpoint.java:1741) ~[tomcat-embed-core-10.1.33.jar:10.1.33]
	at org.apache.tomcat.util.net.SocketProcessorBase.run(SocketProcessorBase.java:52) ~[tomcat-embed-core-10.1.33.jar:10.1.33]
	at org.apache.tomcat.util.threads.ThreadPoolExecutor.runWorker(ThreadPoolExecutor.java:1190) ~[tomcat-embed-core-10.1.33.jar:10.1.33]
	at org.apache.tomcat.util.threads.ThreadPoolExecutor$Worker.run(ThreadPoolExecutor.java:659) ~[tomcat-embed-core-10.1.33.jar:10.1.33]
	at org.apache.tomcat.util.threads.TaskThread$WrappingRunnable.run(TaskThread.java:63) ~[tomcat-embed-core-10.1.33.jar:10.1.33]
	at java.base/java.lang.Thread.run(Unknown Source) ~[na:na]

2024-12-18T18:54:30.139+07:00 ERROR 1412 --- [tubes-aka] [http-nio-8080-exec-1] o.a.c.c.C.[.[.[/].[dispatcherServlet]    : Servlet.service() for servlet [dispatcherServlet] in context with path [] threw exception [Request processing failed: java.lang.IndexOutOfBoundsException: Index -2 out of bounds for length 1000] with root cause

java.lang.IndexOutOfBoundsException: Index -2 out of bounds for length 1000
	at java.base/jdk.internal.util.Preconditions.outOfBounds(Unknown Source) ~[na:na]
	at java.base/jdk.internal.util.Preconditions.outOfBoundsCheckIndex(Unknown Source) ~[na:na]
	at java.base/jdk.internal.util.Preconditions.checkIndex(Unknown Source) ~[na:na]
	at java.base/java.util.Objects.checkIndex(Unknown Source) ~[na:na]
	at java.base/java.util.ArrayList.get(Unknown Source) ~[na:na]
	at com.aka.tubes_aka.FvgController.getCandlestickData(FvgController.java:20) ~[classes/:na]
	at java.base/jdk.internal.reflect.NativeMethodAccessorImpl.invoke0(Native Method) ~[na:na]
	at java.base/jdk.internal.reflect.NativeMethodAccessorImpl.invoke(Unknown Source) ~[na:na]
	at java.base/jdk.internal.reflect.DelegatingMethodAccessorImpl.invoke(Unknown Source) ~[na:na]
	at java.base/java.lang.reflect.Method.invoke(Unknown Source) ~[na:na]
	at org.springframework.web.method.support.InvocableHandlerMethod.doInvoke(InvocableHandlerMethod.java:255) ~[spring-web-6.2.0.jar:6.2.0]
	at org.springframework.web.method.support.InvocableHandlerMethod.invokeForRequest(InvocableHandlerMethod.java:188) ~[spring-web-6.2.0.jar:6.2.0]
	at org.springframework.web.servlet.mvc.method.annotation.ServletInvocableHandlerMethod.invokeAndHandle(ServletInvocableHandlerMethod.java:118) ~[spring-webmvc-6.2.0.jar:6.2.0]
	at org.springframework.web.servlet.mvc.method.annotation.RequestMappingHandlerAdapter.invokeHandlerMethod(RequestMappingHandlerAdapter.java:986) ~[spring-webmvc-6.2.0.jar:6.2.0]
	at org.springframework.web.servlet.mvc.method.annotation.RequestMappingHandlerAdapter.handleInternal(RequestMappingHandlerAdapter.java:891) ~[spring-webmvc-6.2.0.jar:6.2.0]
	at org.springframework.web.servlet.mvc.method.AbstractHandlerMethodAdapter.handle(AbstractHandlerMethodAdapter.java:87) ~[spring-webmvc-6.2.0.jar:6.2.0]
	at org.springframework.web.servlet.DispatcherServlet.doDispatch(DispatcherServlet.java:1088) ~[spring-webmvc-6.2.0.jar:6.2.0]
	at org.springframework.web.servlet.DispatcherServlet.doService(DispatcherServlet.java:978) ~[spring-webmvc-6.2.0.jar:6.2.0]
	at org.springframework.web.servlet.FrameworkServlet.processRequest(FrameworkServlet.java:1014) ~[spring-webmvc-6.2.0.jar:6.2.0]
	at org.springframework.web.servlet.FrameworkServlet.doGet(FrameworkServlet.java:903) ~[spring-webmvc-6.2.0.jar:6.2.0]
	at jakarta.servlet.http.HttpServlet.service(HttpServlet.java:564) ~[tomcat-embed-core-10.1.33.jar:6.0]
	at org.springframework.web.servlet.FrameworkServlet.service(FrameworkServlet.java:885) ~[spring-webmvc-6.2.0.jar:6.2.0]
	at jakarta.servlet.http.HttpServlet.service(HttpServlet.java:658) ~[tomcat-embed-core-10.1.33.jar:6.0]
	at org.apache.catalina.core.ApplicationFilterChain.internalDoFilter(ApplicationFilterChain.java:195) ~[tomcat-embed-core-10.1.33.jar:10.1.33]
	at org.apache.catalina.core.ApplicationFilterChain.doFilter(ApplicationFilterChain.java:140) ~[tomcat-embed-core-10.1.33.jar:10.1.33]
	at org.apache.tomcat.websocket.server.WsFilter.doFilter(WsFilter.java:51) ~[tomcat-embed-websocket-10.1.33.jar:10.1.33]
	at org.apache.catalina.core.ApplicationFilterChain.internalDoFilter(ApplicationFilterChain.java:164) ~[tomcat-embed-core-10.1.33.jar:10.1.33]
	at org.apache.catalina.core.ApplicationFilterChain.doFilter(ApplicationFilterChain.java:140) ~[tomcat-embed-core-10.1.33.jar:10.1.33]
	at org.springframework.web.filter.RequestContextFilter.doFilterInternal(RequestContextFilter.java:100) ~[spring-web-6.2.0.jar:6.2.0]
	at org.springframework.web.filter.OncePerRequestFilter.doFilter(OncePerRequestFilter.java:116) ~[spring-web-6.2.0.jar:6.2.0]
	at org.apache.catalina.core.ApplicationFilterChain.internalDoFilter(ApplicationFilterChain.java:164) ~[tomcat-embed-core-10.1.33.jar:10.1.33]
	at org.apache.catalina.core.ApplicationFilterChain.doFilter(ApplicationFilterChain.java:140) ~[tomcat-embed-core-10.1.33.jar:10.1.33]
	at org.springframework.web.filter.FormContentFilter.doFilterInternal(FormContentFilter.java:93) ~[spring-web-6.2.0.jar:6.2.0]
	at org.springframework.web.filter.OncePerRequestFilter.doFilter(OncePerRequestFilter.java:116) ~[spring-web-6.2.0.jar:6.2.0]
	at org.apache.catalina.core.ApplicationFilterChain.internalDoFilter(ApplicationFilterChain.java:164) ~[tomcat-embed-core-10.1.33.jar:10.1.33]
	at org.apache.catalina.core.ApplicationFilterChain.doFilter(ApplicationFilterChain.java:140) ~[tomcat-embed-core-10.1.33.jar:10.1.33]
	at org.springframework.web.filter.CharacterEncodingFilter.doFilterInternal(CharacterEncodingFilter.java:201) ~[spring-web-6.2.0.jar:6.2.0]
	at org.springframework.web.filter.OncePerRequestFilter.doFilter(OncePerRequestFilter.java:116) ~[spring-web-6.2.0.jar:6.2.0]
	at org.apache.catalina.core.ApplicationFilterChain.internalDoFilter(ApplicationFilterChain.java:164) ~[tomcat-embed-core-10.1.33.jar:10.1.33]
	at org.apache.catalina.core.ApplicationFilterChain.doFilter(ApplicationFilterChain.java:140) ~[tomcat-embed-core-10.1.33.jar:10.1.33]
	at org.apache.catalina.core.StandardWrapperValve.invoke(StandardWrapperValve.java:167) ~[tomcat-embed-core-10.1.33.jar:10.1.33]
	at org.apache.catalina.core.StandardContextValve.invoke(StandardContextValve.java:90) ~[tomcat-embed-core-10.1.33.jar:10.1.33]
	at org.apache.catalina.authenticator.AuthenticatorBase.invoke(AuthenticatorBase.java:483) ~[tomcat-embed-core-10.1.33.jar:10.1.33]
	at org.apache.catalina.core.StandardHostValve.invoke(StandardHostValve.java:115) ~[tomcat-embed-core-10.1.33.jar:10.1.33]
	at org.apache.catalina.valves.ErrorReportValve.invoke(ErrorReportValve.java:93) ~[tomcat-embed-core-10.1.33.jar:10.1.33]
	at org.apache.catalina.core.StandardEngineValve.invoke(StandardEngineValve.java:74) ~[tomcat-embed-core-10.1.33.jar:10.1.33]
	at org.apache.catalina.connector.CoyoteAdapter.service(CoyoteAdapter.java:344) ~[tomcat-embed-core-10.1.33.jar:10.1.33]
	at org.apache.coyote.http11.Http11Processor.service(Http11Processor.java:397) ~[tomcat-embed-core-10.1.33.jar:10.1.33]
	at org.apache.coyote.AbstractProcessorLight.process(AbstractProcessorLight.java:63) ~[tomcat-embed-core-10.1.33.jar:10.1.33]
	at org.apache.coyote.AbstractProtocol$ConnectionHandler.process(AbstractProtocol.java:905) ~[tomcat-embed-core-10.1.33.jar:10.1.33]
	at org.apache.tomcat.util.net.NioEndpoint$SocketProcessor.doRun(NioEndpoint.java:1741) ~[tomcat-embed-core-10.1.33.jar:10.1.33]
	at org.apache.tomcat.util.net.SocketProcessorBase.run(SocketProcessorBase.java:52) ~[tomcat-embed-core-10.1.33.jar:10.1.33]
	at org.apache.tomcat.util.threads.ThreadPoolExecutor.runWorker(ThreadPoolExecutor.java:1190) ~[tomcat-embed-core-10.1.33.jar:10.1.33]
	at org.apache.tomcat.util.threads.ThreadPoolExecutor$Worker.run(ThreadPoolExecutor.java:659) ~[tomcat-embed-core-10.1.33.jar:10.1.33]
	at org.apache.tomcat.util.threads.TaskThread$WrappingRunnable.run(TaskThread.java:63) ~[tomcat-embed-core-10.1.33.jar:10.1.33]
	at java.base/java.lang.Thread.run(Unknown Source) ~[na:na]

2024-12-18T18:55:58.567+07:00  INFO 1412 --- [tubes-aka] [File Watcher] rtingClassPathChangeChangedEventListener : Restarting due to 1 class path change (0 additions, 0 deletions, 1 modification)
2024-12-18T18:55:58.574+07:00  INFO 1412 --- [tubes-aka] [Thread-11] o.s.b.w.e.tomcat.GracefulShutdown        : Commencing graceful shutdown. Waiting for active requests to complete
2024-12-18T18:55:58.892+07:00  INFO 1412 --- [tubes-aka] [tomcat-shutdown] o.s.b.w.e.tomcat.GracefulShutdown        : Graceful shutdown complete
2024-12-18T18:55:59.048+07:00  INFO 1412 --- [tubes-aka] [restartedMain] com.aka.tubes_aka.TubesAkaApplication    : Starting TubesAkaApplication using Java 17.0.13 with PID 1412 (D:\Telyu\Sems3\AKA\Tubes\tubes-aka\target\classes started by RVA in D:\Telyu\Sems3\AKA\Tubes\tubes-aka)
2024-12-18T18:55:59.052+07:00  INFO 1412 --- [tubes-aka] [restartedMain] com.aka.tubes_aka.TubesAkaApplication    : No active profile set, falling back to 1 default profile: "default"
2024-12-18T18:55:59.612+07:00  INFO 1412 --- [tubes-aka] [restartedMain] o.s.b.w.embedded.tomcat.TomcatWebServer  : Tomcat initialized with port 8080 (http)
2024-12-18T18:55:59.627+07:00  INFO 1412 --- [tubes-aka] [restartedMain] o.apache.catalina.core.StandardService   : Starting service [Tomcat]
2024-12-18T18:55:59.633+07:00  INFO 1412 --- [tubes-aka] [restartedMain] o.apache.catalina.core.StandardEngine    : Starting Servlet engine: [Apache Tomcat/10.1.33]
2024-12-18T18:55:59.740+07:00  INFO 1412 --- [tubes-aka] [restartedMain] o.a.c.c.C.[Tomcat].[localhost].[/]       : Initializing Spring embedded WebApplicationContext
2024-12-18T18:55:59.757+07:00  INFO 1412 --- [tubes-aka] [restartedMain] w.s.c.ServletWebServerApplicationContext : Root WebApplicationContext: initialization completed in 696 ms
2024-12-18T18:55:59.924+07:00  INFO 1412 --- [tubes-aka] [restartedMain] o.s.b.a.w.s.WelcomePageHandlerMapping    : Adding welcome page template: index
2024-12-18T18:56:00.063+07:00  INFO 1412 --- [tubes-aka] [restartedMain] o.s.b.d.a.OptionalLiveReloadServer       : LiveReload server is running on port 35729
2024-12-18T18:56:00.078+07:00  INFO 1412 --- [tubes-aka] [restartedMain] o.s.b.w.embedded.tomcat.TomcatWebServer  : Tomcat started on port 8080 (http) with context path '/'
2024-12-18T18:56:00.085+07:00  INFO 1412 --- [tubes-aka] [restartedMain] com.aka.tubes_aka.TubesAkaApplication    : Started TubesAkaApplication in 1.105 seconds (process running for 400.379)
2024-12-18T18:56:00.088+07:00  INFO 1412 --- [tubes-aka] [restartedMain] .ConditionEvaluationDeltaLoggingListener : Condition evaluation unchanged
2024-12-18T18:56:01.346+07:00  INFO 1412 --- [tubes-aka] [http-nio-8080-exec-1] o.a.c.c.C.[Tomcat].[localhost].[/]       : Initializing Spring DispatcherServlet 'dispatcherServlet'
2024-12-18T18:56:01.347+07:00  INFO 1412 --- [tubes-aka] [http-nio-8080-exec-1] o.s.web.servlet.DispatcherServlet        : Initializing Servlet 'dispatcherServlet'
2024-12-18T18:56:01.348+07:00  INFO 1412 --- [tubes-aka] [http-nio-8080-exec-1] o.s.web.servlet.DispatcherServlet        : Completed initialization in 1 ms
2024-12-18T18:57:36.759+07:00  INFO 26836 --- [tubes-aka] [restartedMain] com.aka.tubes_aka.TubesAkaApplication    : Starting TubesAkaApplication using Java 17.0.13 with PID 26836 (D:\Telyu\Sems3\AKA\Tubes\tubes-aka\target\classes started by RVA in D:\Telyu\Sems3\AKA\Tubes\tubes-aka)
2024-12-18T18:57:36.765+07:00  INFO 26836 --- [tubes-aka] [restartedMain] com.aka.tubes_aka.TubesAkaApplication    : No active profile set, falling back to 1 default profile: "default"
2024-12-18T18:57:36.866+07:00  INFO 26836 --- [tubes-aka] [restartedMain] .e.DevToolsPropertyDefaultsPostProcessor : Devtools property defaults active! Set 'spring.devtools.add-properties' to 'false' to disable
2024-12-18T18:57:36.869+07:00  INFO 26836 --- [tubes-aka] [restartedMain] .e.DevToolsPropertyDefaultsPostProcessor : For additional web related logging consider setting the 'logging.level.web' property to 'DEBUG'
2024-12-18T18:57:39.047+07:00  INFO 26836 --- [tubes-aka] [restartedMain] o.s.b.w.embedded.tomcat.TomcatWebServer  : Tomcat initialized with port 8080 (http)
2024-12-18T18:57:39.074+07:00  INFO 26836 --- [tubes-aka] [restartedMain] o.apache.catalina.core.StandardService   : Starting service [Tomcat]
2024-12-18T18:57:39.077+07:00  INFO 26836 --- [tubes-aka] [restartedMain] o.apache.catalina.core.StandardEngine    : Starting Servlet engine: [Apache Tomcat/10.1.33]
2024-12-18T18:57:39.184+07:00  INFO 26836 --- [tubes-aka] [restartedMain] o.a.c.c.C.[Tomcat].[localhost].[/]       : Initializing Spring embedded WebApplicationContext
2024-12-18T18:57:39.185+07:00  INFO 26836 --- [tubes-aka] [restartedMain] w.s.c.ServletWebServerApplicationContext : Root WebApplicationContext: initialization completed in 2313 ms
2024-12-18T18:57:39.400+07:00  INFO 26836 --- [tubes-aka] [restartedMain] o.s.b.a.w.s.WelcomePageHandlerMapping    : Adding welcome page template: index
2024-12-18T18:57:39.888+07:00  INFO 26836 --- [tubes-aka] [restartedMain] o.s.b.d.a.OptionalLiveReloadServer       : LiveReload server is running on port 35729
2024-12-18T18:57:39.961+07:00  INFO 26836 --- [tubes-aka] [restartedMain] o.s.b.w.embedded.tomcat.TomcatWebServer  : Tomcat started on port 8080 (http) with context path '/'
2024-12-18T18:57:39.990+07:00  INFO 26836 --- [tubes-aka] [restartedMain] com.aka.tubes_aka.TubesAkaApplication    : Started TubesAkaApplication in 4.097 seconds (process running for 5.267)
2024-12-18T18:57:40.095+07:00  INFO 26836 --- [tubes-aka] [http-nio-8080-exec-1] o.a.c.c.C.[Tomcat].[localhost].[/]       : Initializing Spring DispatcherServlet 'dispatcherServlet'
2024-12-18T18:57:40.097+07:00  INFO 26836 --- [tubes-aka] [http-nio-8080-exec-1] o.s.web.servlet.DispatcherServlet        : Initializing Servlet 'dispatcherServlet'
2024-12-18T18:57:40.100+07:00  INFO 26836 --- [tubes-aka] [http-nio-8080-exec-1] o.s.web.servlet.DispatcherServlet        : Completed initialization in 2 ms
2024-12-18T19:01:03.530+07:00  INFO 27856 --- [tubes-aka] [restartedMain] com.aka.tubes_aka.TubesAkaApplication    : Starting TubesAkaApplication using Java 17.0.13 with PID 27856 (D:\Telyu\Sems3\AKA\Tubes\tubes-aka\target\classes started by RVA in D:\Telyu\Sems3\AKA\Tubes\tubes-aka)
2024-12-18T19:01:03.536+07:00  INFO 27856 --- [tubes-aka] [restartedMain] com.aka.tubes_aka.TubesAkaApplication    : No active profile set, falling back to 1 default profile: "default"
2024-12-18T19:01:03.647+07:00  INFO 27856 --- [tubes-aka] [restartedMain] .e.DevToolsPropertyDefaultsPostProcessor : Devtools property defaults active! Set 'spring.devtools.add-properties' to 'false' to disable
2024-12-18T19:01:03.648+07:00  INFO 27856 --- [tubes-aka] [restartedMain] .e.DevToolsPropertyDefaultsPostProcessor : For additional web related logging consider setting the 'logging.level.web' property to 'DEBUG'
2024-12-18T19:01:05.987+07:00  INFO 27856 --- [tubes-aka] [restartedMain] o.s.b.w.embedded.tomcat.TomcatWebServer  : Tomcat initialized with port 8080 (http)
2024-12-18T19:01:06.010+07:00  INFO 27856 --- [tubes-aka] [restartedMain] o.apache.catalina.core.StandardService   : Starting service [Tomcat]
2024-12-18T19:01:06.011+07:00  INFO 27856 --- [tubes-aka] [restartedMain] o.apache.catalina.core.StandardEngine    : Starting Servlet engine: [Apache Tomcat/10.1.33]
2024-12-18T19:01:06.138+07:00  INFO 27856 --- [tubes-aka] [restartedMain] o.a.c.c.C.[Tomcat].[localhost].[/]       : Initializing Spring embedded WebApplicationContext
2024-12-18T19:01:06.142+07:00  INFO 27856 --- [tubes-aka] [restartedMain] w.s.c.ServletWebServerApplicationContext : Root WebApplicationContext: initialization completed in 2492 ms
2024-12-18T19:01:06.555+07:00  INFO 27856 --- [tubes-aka] [restartedMain] o.s.b.a.w.s.WelcomePageHandlerMapping    : Adding welcome page template: index
2024-12-18T19:01:07.237+07:00  INFO 27856 --- [tubes-aka] [restartedMain] o.s.b.d.a.OptionalLiveReloadServer       : LiveReload server is running on port 35729
2024-12-18T19:01:07.321+07:00  INFO 27856 --- [tubes-aka] [restartedMain] o.s.b.w.embedded.tomcat.TomcatWebServer  : Tomcat started on port 8080 (http) with context path '/'
2024-12-18T19:01:07.345+07:00  INFO 27856 --- [tubes-aka] [restartedMain] com.aka.tubes_aka.TubesAkaApplication    : Started TubesAkaApplication in 4.601 seconds (process running for 5.519)
2024-12-18T19:01:07.532+07:00  INFO 27856 --- [tubes-aka] [http-nio-8080-exec-2] o.a.c.c.C.[Tomcat].[localhost].[/]       : Initializing Spring DispatcherServlet 'dispatcherServlet'
2024-12-18T19:01:07.535+07:00  INFO 27856 --- [tubes-aka] [http-nio-8080-exec-2] o.s.web.servlet.DispatcherServlet        : Initializing Servlet 'dispatcherServlet'
2024-12-18T19:01:07.547+07:00  INFO 27856 --- [tubes-aka] [http-nio-8080-exec-2] o.s.web.servlet.DispatcherServlet        : Completed initialization in 9 ms
2024-12-18T19:08:37.783+07:00  INFO 34876 --- [tubes-aka] [restartedMain] com.aka.tubes_aka.TubesAkaApplication    : Starting TubesAkaApplication using Java 17.0.13 with PID 34876 (D:\Telyu\Sems3\AKA\Tubes\tubes-aka\target\classes started by RVA in D:\Telyu\Sems3\AKA\Tubes\tubes-aka)
2024-12-18T19:08:37.790+07:00  INFO 34876 --- [tubes-aka] [restartedMain] com.aka.tubes_aka.TubesAkaApplication    : No active profile set, falling back to 1 default profile: "default"
2024-12-18T19:08:37.953+07:00  INFO 34876 --- [tubes-aka] [restartedMain] .e.DevToolsPropertyDefaultsPostProcessor : Devtools property defaults active! Set 'spring.devtools.add-properties' to 'false' to disable
2024-12-18T19:08:37.956+07:00  INFO 34876 --- [tubes-aka] [restartedMain] .e.DevToolsPropertyDefaultsPostProcessor : For additional web related logging consider setting the 'logging.level.web' property to 'DEBUG'
2024-12-18T19:08:40.091+07:00  INFO 34876 --- [tubes-aka] [restartedMain] o.s.b.w.embedded.tomcat.TomcatWebServer  : Tomcat initialized with port 8080 (http)
2024-12-18T19:08:40.117+07:00  INFO 34876 --- [tubes-aka] [restartedMain] o.apache.catalina.core.StandardService   : Starting service [Tomcat]
2024-12-18T19:08:40.118+07:00  INFO 34876 --- [tubes-aka] [restartedMain] o.apache.catalina.core.StandardEngine    : Starting Servlet engine: [Apache Tomcat/10.1.33]
2024-12-18T19:08:40.208+07:00  INFO 34876 --- [tubes-aka] [restartedMain] o.a.c.c.C.[Tomcat].[localhost].[/]       : Initializing Spring embedded WebApplicationContext
2024-12-18T19:08:40.209+07:00  INFO 34876 --- [tubes-aka] [restartedMain] w.s.c.ServletWebServerApplicationContext : Root WebApplicationContext: initialization completed in 2251 ms
2024-12-18T19:08:40.438+07:00  INFO 34876 --- [tubes-aka] [restartedMain] o.s.b.a.w.s.WelcomePageHandlerMapping    : Adding welcome page template: index
2024-12-18T19:08:40.935+07:00  INFO 34876 --- [tubes-aka] [restartedMain] o.s.b.d.a.OptionalLiveReloadServer       : LiveReload server is running on port 35729
2024-12-18T19:08:41.010+07:00  INFO 34876 --- [tubes-aka] [restartedMain] o.s.b.w.embedded.tomcat.TomcatWebServer  : Tomcat started on port 8080 (http) with context path '/'
2024-12-18T19:08:41.037+07:00  INFO 34876 --- [tubes-aka] [restartedMain] com.aka.tubes_aka.TubesAkaApplication    : Started TubesAkaApplication in 4.205 seconds (process running for 5.209)
2024-12-18T19:08:41.149+07:00  INFO 34876 --- [tubes-aka] [http-nio-8080-exec-1] o.a.c.c.C.[Tomcat].[localhost].[/]       : Initializing Spring DispatcherServlet 'dispatcherServlet'
2024-12-18T19:08:41.150+07:00  INFO 34876 --- [tubes-aka] [http-nio-8080-exec-1] o.s.web.servlet.DispatcherServlet        : Initializing Servlet 'dispatcherServlet'
2024-12-18T19:08:41.152+07:00  INFO 34876 --- [tubes-aka] [http-nio-8080-exec-1] o.s.web.servlet.DispatcherServlet        : Completed initialization in 1 ms
2024-12-18T19:09:11.617+07:00  INFO 8108 --- [tubes-aka] [restartedMain] com.aka.tubes_aka.TubesAkaApplication    : Starting TubesAkaApplication using Java 17.0.13 with PID 8108 (D:\Telyu\Sems3\AKA\Tubes\tubes-aka\target\classes started by RVA in D:\Telyu\Sems3\AKA\Tubes\tubes-aka)
2024-12-18T19:09:11.624+07:00  INFO 8108 --- [tubes-aka] [restartedMain] com.aka.tubes_aka.TubesAkaApplication    : No active profile set, falling back to 1 default profile: "default"
2024-12-18T19:09:11.874+07:00  INFO 8108 --- [tubes-aka] [restartedMain] .e.DevToolsPropertyDefaultsPostProcessor : Devtools property defaults active! Set 'spring.devtools.add-properties' to 'false' to disable
2024-12-18T19:09:11.876+07:00  INFO 8108 --- [tubes-aka] [restartedMain] .e.DevToolsPropertyDefaultsPostProcessor : For additional web related logging consider setting the 'logging.level.web' property to 'DEBUG'
2024-12-18T19:09:13.979+07:00  INFO 8108 --- [tubes-aka] [restartedMain] o.s.b.w.embedded.tomcat.TomcatWebServer  : Tomcat initialized with port 8080 (http)
2024-12-18T19:09:14.007+07:00  INFO 8108 --- [tubes-aka] [restartedMain] o.apache.catalina.core.StandardService   : Starting service [Tomcat]
2024-12-18T19:09:14.008+07:00  INFO 8108 --- [tubes-aka] [restartedMain] o.apache.catalina.core.StandardEngine    : Starting Servlet engine: [Apache Tomcat/10.1.33]
2024-12-18T19:09:14.122+07:00  INFO 8108 --- [tubes-aka] [restartedMain] o.a.c.c.C.[Tomcat].[localhost].[/]       : Initializing Spring embedded WebApplicationContext
2024-12-18T19:09:14.123+07:00  INFO 8108 --- [tubes-aka] [restartedMain] w.s.c.ServletWebServerApplicationContext : Root WebApplicationContext: initialization completed in 2244 ms
2024-12-18T19:09:14.346+07:00  INFO 8108 --- [tubes-aka] [restartedMain] o.s.b.a.w.s.WelcomePageHandlerMapping    : Adding welcome page template: index
2024-12-18T19:09:14.881+07:00  INFO 8108 --- [tubes-aka] [restartedMain] o.s.b.d.a.OptionalLiveReloadServer       : LiveReload server is running on port 35729
2024-12-18T19:09:14.973+07:00  INFO 8108 --- [tubes-aka] [restartedMain] o.s.b.w.embedded.tomcat.TomcatWebServer  : Tomcat started on port 8080 (http) with context path '/'
2024-12-18T19:09:15.002+07:00  INFO 8108 --- [tubes-aka] [restartedMain] com.aka.tubes_aka.TubesAkaApplication    : Started TubesAkaApplication in 4.273 seconds (process running for 5.311)
2024-12-18T19:09:15.115+07:00  INFO 8108 --- [tubes-aka] [http-nio-8080-exec-1] o.a.c.c.C.[Tomcat].[localhost].[/]       : Initializing Spring DispatcherServlet 'dispatcherServlet'
2024-12-18T19:09:15.116+07:00  INFO 8108 --- [tubes-aka] [http-nio-8080-exec-1] o.s.web.servlet.DispatcherServlet        : Initializing Servlet 'dispatcherServlet'
2024-12-18T19:09:15.118+07:00  INFO 8108 --- [tubes-aka] [http-nio-8080-exec-1] o.s.web.servlet.DispatcherServlet        : Completed initialization in 1 ms
2024-12-18T19:09:36.801+07:00  INFO 3216 --- [tubes-aka] [restartedMain] com.aka.tubes_aka.TubesAkaApplication    : Starting TubesAkaApplication using Java 17.0.13 with PID 3216 (D:\Telyu\Sems3\AKA\Tubes\tubes-aka\target\classes started by RVA in D:\Telyu\Sems3\AKA\Tubes\tubes-aka)
2024-12-18T19:09:36.808+07:00  INFO 3216 --- [tubes-aka] [restartedMain] com.aka.tubes_aka.TubesAkaApplication    : No active profile set, falling back to 1 default profile: "default"
2024-12-18T19:09:36.916+07:00  INFO 3216 --- [tubes-aka] [restartedMain] .e.DevToolsPropertyDefaultsPostProcessor : Devtools property defaults active! Set 'spring.devtools.add-properties' to 'false' to disable
2024-12-18T19:09:36.917+07:00  INFO 3216 --- [tubes-aka] [restartedMain] .e.DevToolsPropertyDefaultsPostProcessor : For additional web related logging consider setting the 'logging.level.web' property to 'DEBUG'
2024-12-18T19:09:38.767+07:00  INFO 3216 --- [tubes-aka] [restartedMain] o.s.b.w.embedded.tomcat.TomcatWebServer  : Tomcat initialized with port 8080 (http)
2024-12-18T19:09:38.797+07:00  INFO 3216 --- [tubes-aka] [restartedMain] o.apache.catalina.core.StandardService   : Starting service [Tomcat]
2024-12-18T19:09:38.798+07:00  INFO 3216 --- [tubes-aka] [restartedMain] o.apache.catalina.core.StandardEngine    : Starting Servlet engine: [Apache Tomcat/10.1.33]
2024-12-18T19:09:38.902+07:00  INFO 3216 --- [tubes-aka] [restartedMain] o.a.c.c.C.[Tomcat].[localhost].[/]       : Initializing Spring embedded WebApplicationContext
2024-12-18T19:09:38.904+07:00  INFO 3216 --- [tubes-aka] [restartedMain] w.s.c.ServletWebServerApplicationContext : Root WebApplicationContext: initialization completed in 1986 ms
2024-12-18T19:09:39.132+07:00  INFO 3216 --- [tubes-aka] [restartedMain] o.s.b.a.w.s.WelcomePageHandlerMapping    : Adding welcome page template: index
2024-12-18T19:09:39.703+07:00  INFO 3216 --- [tubes-aka] [restartedMain] o.s.b.d.a.OptionalLiveReloadServer       : LiveReload server is running on port 35729
2024-12-18T19:09:39.774+07:00  INFO 3216 --- [tubes-aka] [restartedMain] o.s.b.w.embedded.tomcat.TomcatWebServer  : Tomcat started on port 8080 (http) with context path '/'
2024-12-18T19:09:39.801+07:00  INFO 3216 --- [tubes-aka] [restartedMain] com.aka.tubes_aka.TubesAkaApplication    : Started TubesAkaApplication in 3.864 seconds (process running for 5.106)
2024-12-18T19:09:39.999+07:00  INFO 3216 --- [tubes-aka] [http-nio-8080-exec-1] o.a.c.c.C.[Tomcat].[localhost].[/]       : Initializing Spring DispatcherServlet 'dispatcherServlet'
2024-12-18T19:09:40.000+07:00  INFO 3216 --- [tubes-aka] [http-nio-8080-exec-1] o.s.web.servlet.DispatcherServlet        : Initializing Servlet 'dispatcherServlet'
2024-12-18T19:09:40.002+07:00  INFO 3216 --- [tubes-aka] [http-nio-8080-exec-1] o.s.web.servlet.DispatcherServlet        : Completed initialization in 1 ms
2024-12-18T19:32:09.475+07:00  INFO 3216 --- [tubes-aka] [File Watcher] rtingClassPathChangeChangedEventListener : Restarting due to 1 class path change (0 additions, 0 deletions, 1 modification)
2024-12-18T19:32:09.486+07:00  INFO 3216 --- [tubes-aka] [Thread-5] o.s.b.w.e.tomcat.GracefulShutdown        : Commencing graceful shutdown. Waiting for active requests to complete
2024-12-18T19:32:09.852+07:00  INFO 3216 --- [tubes-aka] [tomcat-shutdown] o.s.b.w.e.tomcat.GracefulShutdown        : Graceful shutdown complete
2024-12-18T19:32:10.031+07:00  INFO 3216 --- [tubes-aka] [restartedMain] com.aka.tubes_aka.TubesAkaApplication    : Starting TubesAkaApplication using Java 17.0.13 with PID 3216 (D:\Telyu\Sems3\AKA\Tubes\tubes-aka\target\classes started by RVA in D:\Telyu\Sems3\AKA\Tubes\tubes-aka)
2024-12-18T19:32:10.033+07:00  INFO 3216 --- [tubes-aka] [restartedMain] com.aka.tubes_aka.TubesAkaApplication    : No active profile set, falling back to 1 default profile: "default"
2024-12-18T19:32:10.505+07:00  INFO 3216 --- [tubes-aka] [restartedMain] o.s.b.w.embedded.tomcat.TomcatWebServer  : Tomcat initialized with port 8080 (http)
2024-12-18T19:32:10.507+07:00  INFO 3216 --- [tubes-aka] [restartedMain] o.apache.catalina.core.StandardService   : Starting service [Tomcat]
2024-12-18T19:32:10.508+07:00  INFO 3216 --- [tubes-aka] [restartedMain] o.apache.catalina.core.StandardEngine    : Starting Servlet engine: [Apache Tomcat/10.1.33]
2024-12-18T19:32:10.558+07:00  INFO 3216 --- [tubes-aka] [restartedMain] o.a.c.c.C.[Tomcat].[localhost].[/]       : Initializing Spring embedded WebApplicationContext
2024-12-18T19:32:10.559+07:00  INFO 3216 --- [tubes-aka] [restartedMain] w.s.c.ServletWebServerApplicationContext : Root WebApplicationContext: initialization completed in 520 ms
2024-12-18T19:32:10.621+07:00  INFO 3216 --- [tubes-aka] [restartedMain] o.s.b.a.w.s.WelcomePageHandlerMapping    : Adding welcome page template: index
2024-12-18T19:32:10.794+07:00  INFO 3216 --- [tubes-aka] [restartedMain] o.s.b.d.a.OptionalLiveReloadServer       : LiveReload server is running on port 35729
2024-12-18T19:32:10.818+07:00  INFO 3216 --- [tubes-aka] [restartedMain] o.s.b.w.embedded.tomcat.TomcatWebServer  : Tomcat started on port 8080 (http) with context path '/'
2024-12-18T19:32:10.845+07:00  INFO 3216 --- [tubes-aka] [restartedMain] com.aka.tubes_aka.TubesAkaApplication    : Started TubesAkaApplication in 0.885 seconds (process running for 1356.149)
2024-12-18T19:32:10.859+07:00  INFO 3216 --- [tubes-aka] [restartedMain] .ConditionEvaluationDeltaLoggingListener : Condition evaluation unchanged
2024-12-18T19:32:45.806+07:00  INFO 3216 --- [tubes-aka] [File Watcher] rtingClassPathChangeChangedEventListener : Restarting due to 1 class path change (0 additions, 0 deletions, 1 modification)
2024-12-18T19:32:45.809+07:00  INFO 3216 --- [tubes-aka] [Thread-7] o.s.b.w.e.tomcat.GracefulShutdown        : Commencing graceful shutdown. Waiting for active requests to complete
2024-12-18T19:32:46.089+07:00  INFO 3216 --- [tubes-aka] [tomcat-shutdown] o.s.b.w.e.tomcat.GracefulShutdown        : Graceful shutdown complete
2024-12-18T19:32:46.234+07:00  INFO 3216 --- [tubes-aka] [restartedMain] com.aka.tubes_aka.TubesAkaApplication    : Starting TubesAkaApplication using Java 17.0.13 with PID 3216 (D:\Telyu\Sems3\AKA\Tubes\tubes-aka\target\classes started by RVA in D:\Telyu\Sems3\AKA\Tubes\tubes-aka)
2024-12-18T19:32:46.235+07:00  INFO 3216 --- [tubes-aka] [restartedMain] com.aka.tubes_aka.TubesAkaApplication    : No active profile set, falling back to 1 default profile: "default"
2024-12-18T19:32:46.703+07:00  INFO 3216 --- [tubes-aka] [restartedMain] o.s.b.w.embedded.tomcat.TomcatWebServer  : Tomcat initialized with port 8080 (http)
2024-12-18T19:32:46.706+07:00  INFO 3216 --- [tubes-aka] [restartedMain] o.apache.catalina.core.StandardService   : Starting service [Tomcat]
2024-12-18T19:32:46.708+07:00  INFO 3216 --- [tubes-aka] [restartedMain] o.apache.catalina.core.StandardEngine    : Starting Servlet engine: [Apache Tomcat/10.1.33]
2024-12-18T19:32:46.780+07:00  INFO 3216 --- [tubes-aka] [restartedMain] o.a.c.c.C.[Tomcat].[localhost].[/]       : Initializing Spring embedded WebApplicationContext
2024-12-18T19:32:46.792+07:00  INFO 3216 --- [tubes-aka] [restartedMain] w.s.c.ServletWebServerApplicationContext : Root WebApplicationContext: initialization completed in 548 ms
2024-12-18T19:32:46.873+07:00  INFO 3216 --- [tubes-aka] [restartedMain] o.s.b.a.w.s.WelcomePageHandlerMapping    : Adding welcome page template: index
2024-12-18T19:32:47.021+07:00  INFO 3216 --- [tubes-aka] [restartedMain] o.s.b.d.a.OptionalLiveReloadServer       : LiveReload server is running on port 35729
2024-12-18T19:32:47.044+07:00  INFO 3216 --- [tubes-aka] [restartedMain] o.s.b.w.embedded.tomcat.TomcatWebServer  : Tomcat started on port 8080 (http) with context path '/'
2024-12-18T19:32:47.058+07:00  INFO 3216 --- [tubes-aka] [restartedMain] com.aka.tubes_aka.TubesAkaApplication    : Started TubesAkaApplication in 0.894 seconds (process running for 1392.364)
2024-12-18T19:32:47.068+07:00  INFO 3216 --- [tubes-aka] [restartedMain] .ConditionEvaluationDeltaLoggingListener : Condition evaluation unchanged
2024-12-18T19:32:50.991+07:00  INFO 3216 --- [tubes-aka] [http-nio-8080-exec-1] o.a.c.c.C.[Tomcat].[localhost].[/]       : Initializing Spring DispatcherServlet 'dispatcherServlet'
2024-12-18T19:32:50.992+07:00  INFO 3216 --- [tubes-aka] [http-nio-8080-exec-1] o.s.web.servlet.DispatcherServlet        : Initializing Servlet 'dispatcherServlet'
2024-12-18T19:32:50.994+07:00  INFO 3216 --- [tubes-aka] [http-nio-8080-exec-1] o.s.web.servlet.DispatcherServlet        : Completed initialization in 1 ms
2024-12-18T19:33:04.748+07:00  INFO 3216 --- [tubes-aka] [File Watcher] rtingClassPathChangeChangedEventListener : Restarting due to 1 class path change (0 additions, 0 deletions, 1 modification)
2024-12-18T19:33:04.750+07:00  INFO 3216 --- [tubes-aka] [Thread-11] o.s.b.w.e.tomcat.GracefulShutdown        : Commencing graceful shutdown. Waiting for active requests to complete
2024-12-18T19:33:05.178+07:00  INFO 3216 --- [tubes-aka] [tomcat-shutdown] o.s.b.w.e.tomcat.GracefulShutdown        : Graceful shutdown complete
2024-12-18T19:33:05.317+07:00  INFO 3216 --- [tubes-aka] [restartedMain] com.aka.tubes_aka.TubesAkaApplication    : Starting TubesAkaApplication using Java 17.0.13 with PID 3216 (D:\Telyu\Sems3\AKA\Tubes\tubes-aka\target\classes started by RVA in D:\Telyu\Sems3\AKA\Tubes\tubes-aka)
2024-12-18T19:33:05.318+07:00  INFO 3216 --- [tubes-aka] [restartedMain] com.aka.tubes_aka.TubesAkaApplication    : No active profile set, falling back to 1 default profile: "default"
2024-12-18T19:33:05.792+07:00  INFO 3216 --- [tubes-aka] [restartedMain] o.s.b.w.embedded.tomcat.TomcatWebServer  : Tomcat initialized with port 8080 (http)
2024-12-18T19:33:05.795+07:00  INFO 3216 --- [tubes-aka] [restartedMain] o.apache.catalina.core.StandardService   : Starting service [Tomcat]
2024-12-18T19:33:05.797+07:00  INFO 3216 --- [tubes-aka] [restartedMain] o.apache.catalina.core.StandardEngine    : Starting Servlet engine: [Apache Tomcat/10.1.33]
2024-12-18T19:33:05.859+07:00  INFO 3216 --- [tubes-aka] [restartedMain] o.a.c.c.C.[Tomcat].[localhost].[/]       : Initializing Spring embedded WebApplicationContext
2024-12-18T19:33:05.860+07:00  INFO 3216 --- [tubes-aka] [restartedMain] w.s.c.ServletWebServerApplicationContext : Root WebApplicationContext: initialization completed in 535 ms
2024-12-18T19:33:05.924+07:00  INFO 3216 --- [tubes-aka] [restartedMain] o.s.b.a.w.s.WelcomePageHandlerMapping    : Adding welcome page template: index
2024-12-18T19:33:06.046+07:00  INFO 3216 --- [tubes-aka] [restartedMain] o.s.b.d.a.OptionalLiveReloadServer       : LiveReload server is running on port 35729
2024-12-18T19:33:06.094+07:00  INFO 3216 --- [tubes-aka] [restartedMain] o.s.b.w.embedded.tomcat.TomcatWebServer  : Tomcat started on port 8080 (http) with context path '/'
2024-12-18T19:33:06.146+07:00  INFO 3216 --- [tubes-aka] [restartedMain] com.aka.tubes_aka.TubesAkaApplication    : Started TubesAkaApplication in 0.891 seconds (process running for 1411.451)
2024-12-18T19:33:06.151+07:00  INFO 3216 --- [tubes-aka] [restartedMain] .ConditionEvaluationDeltaLoggingListener : Condition evaluation unchanged
